2025-03-21 13:06:46,210 - INFO - workdir: ./pre-trained/coverage, adsorbate: coverage
2025-03-21 13:06:46,536 - INFO - dataset size: 325, batch size: 8
2025-03-21 13:06:46,536 - INFO - train/valid/test size: 260/65/0
2025-03-21 13:06:48,224 - INFO - equivGNN(
  (atom_embedding): Linear(92x0e -> 128x0e | 11776 weights)
  (mp): MessagePassing(
    (layers): ModuleList(
      (0): Compose(
        (first): Convolution(
          (linear_1): Linear(128x0e -> 128x0e | 16384 weights)
          (fc): FullyConnectedNet[8, 64, 64, 384]
          (tp): TensorProduct(128x0e x 1x0e+1x1o+1x2e -> 128x0e+128x1o+128x2e | 384 paths | 384 weights)
          (linear_2): Linear(128x0e+128x1o+128x2e -> 192x0e+64x1o+64x2e | 40960 weights)
          (sc): FullyConnectedTensorProduct(128x0e x 26x0e -> 192x0e+64x1o+64x2e | 638976 paths | 638976 weights)
        )
        (second): Gate (192x0e+64x1o+64x2e -> 64x0e+64x1o+64x2e)
      )
      (1): Compose(
        (first): Convolution(
          (linear_1): Linear(64x0e+64x1o+64x2e -> 64x0e+64x1o+64x2e | 12288 weights)
          (fc): FullyConnectedNet[8, 64, 64, 960]
          (tp): TensorProduct(64x0e+64x1o+64x2e x 1x0e+1x1o+1x2e -> 192x0e+256x1o+128x1e+128x2o+256x2e | 960 paths | 960 weights)
          (linear_2): Linear(192x0e+256x1o+128x1e+128x2o+256x2e -> 320x0e+64x1o+64x1e+64x2o+64x2e | 110592 weights)
          (sc): FullyConnectedTensorProduct(64x0e+64x1o+64x2e x 26x0e -> 320x0e+64x1o+64x1e+64x2o+64x2e | 745472 paths | 745472 weights)
        )
        (second): Gate (320x0e+64x1o+64x1e+64x2o+64x2e -> 64x0e+64x1o+64x1e+64x2o+64x2e)
      )
      (2): Compose(
        (first): Convolution(
          (linear_1): Linear(64x0e+64x1o+64x1e+64x2o+64x2e -> 64x0e+64x1o+64x1e+64x2o+64x2e | 20480 weights)
          (fc): FullyConnectedNet[8, 64, 64, 1728]
          (tp): TensorProduct(64x0e+64x1o+64x1e+64x2o+64x2e x 1x0e+1x1o+1x2e -> 128x0o+192x0e+384x1o+320x1e+320x2o+384x2e | 1728 paths | 1728 weights)
          (linear_2): Linear(128x0o+192x0e+384x1o+320x1e+320x2o+384x2e -> 64x0o+320x0e+64x1o+64x1e+64x2o+64x2e | 159744 weights)
          (sc): FullyConnectedTensorProduct(64x0e+64x1o+64x1e+64x2o+64x2e x 26x0e -> 64x0o+320x0e+64x1o+64x1e+64x2o+64x2e | 958464 paths | 958464 weights)
        )
        (second): Gate (64x0o+320x0e+64x1o+64x1e+64x2o+64x2e -> 64x0o+64x0e+64x1o+64x1e+64x2o+64x2e)
      )
      (3): Convolution(
        (linear_1): Linear(64x0o+64x0e+64x1o+64x1e+64x2o+64x2e -> 64x0o+64x0e+64x1o+64x1e+64x2o+64x2e | 24576 weights)
        (fc): FullyConnectedNet[8, 64, 64, 192]
        (tp): TensorProduct(64x0o+64x0e+64x1o+64x1e+64x2o+64x2e x 1x0e+1x1o+1x2e -> 192x0e | 192 paths | 192 weights)
        (linear_2): Linear(192x0e -> 128x0e | 24576 weights)
        (sc): FullyConnectedTensorProduct(64x0o+64x0e+64x1o+64x1e+64x2o+64x2e x 26x0e -> 128x0e | 212992 paths | 212992 weights)
      )
    )
  )
  (readout): Sequential(
    (0): Linear(128x0e -> 128x0e | 16384 weights)
    (1): SiLU()
    (2): Linear(128x0e -> 1x0e | 128 weights)
  )
)
2025-03-21 13:06:49,465 - INFO - initial lr: 0.000200000, meanAE: 0.6762232495505868
2025-03-21 13:06:52,759 - INFO - Epoch 1, train_loss: 0.263668, val_loss: 0.077685, val_mae: 0.272560
2025-03-21 13:06:55,982 - INFO - Epoch 2, train_loss: 0.027197, val_loss: 0.007524, val_mae: 0.067996
2025-03-21 13:06:59,220 - INFO - Epoch 3, train_loss: 0.010102, val_loss: 0.006434, val_mae: 0.070733
2025-03-21 13:07:02,452 - INFO - Epoch 4, train_loss: 0.008048, val_loss: 0.006441, val_mae: 0.070776
2025-03-21 13:07:05,677 - INFO - Epoch 5, train_loss: 0.007659, val_loss: 0.005148, val_mae: 0.063640
2025-03-21 13:07:08,897 - INFO - Epoch 6, train_loss: 0.007494, val_loss: 0.005724, val_mae: 0.066857
2025-03-21 13:07:12,106 - INFO - Epoch 7, train_loss: 0.008369, val_loss: 0.007935, val_mae: 0.078524
2025-03-21 13:07:15,352 - INFO - Epoch 8, train_loss: 0.007850, val_loss: 0.004883, val_mae: 0.062048
2025-03-21 13:07:18,588 - INFO - Epoch 9, train_loss: 0.007270, val_loss: 0.005522, val_mae: 0.065698
2025-03-21 13:07:21,826 - INFO - Epoch 10, train_loss: 0.007507, val_loss: 0.004429, val_mae: 0.058712
2025-03-21 13:07:25,027 - INFO - Epoch 11, train_loss: 0.007213, val_loss: 0.004565, val_mae: 0.060193
2025-03-21 13:07:28,195 - INFO - Epoch 12, train_loss: 0.007048, val_loss: 0.005387, val_mae: 0.059030
2025-03-21 13:07:31,369 - INFO - Epoch 13, train_loss: 0.009038, val_loss: 0.004162, val_mae: 0.057583
2025-03-21 13:07:34,527 - INFO - Epoch 14, train_loss: 0.005427, val_loss: 0.007841, val_mae: 0.071799
2025-03-21 13:07:37,703 - INFO - Epoch 15, train_loss: 0.006920, val_loss: 0.002728, val_mae: 0.045517
2025-03-21 13:07:40,879 - INFO - Epoch 16, train_loss: 0.003690, val_loss: 0.005571, val_mae: 0.056866
2025-03-21 13:07:44,049 - INFO - Epoch 17, train_loss: 0.003691, val_loss: 0.002711, val_mae: 0.046877
2025-03-21 13:07:47,212 - INFO - Epoch 18, train_loss: 0.002692, val_loss: 0.002258, val_mae: 0.042604
2025-03-21 13:07:50,399 - INFO - Epoch 19, train_loss: 0.002850, val_loss: 0.001577, val_mae: 0.032770
2025-03-21 13:07:53,590 - INFO - Epoch 20, train_loss: 0.001897, val_loss: 0.003083, val_mae: 0.047149
2025-03-21 13:07:56,782 - INFO - Epoch 21, train_loss: 0.002038, val_loss: 0.001329, val_mae: 0.028802
2025-03-21 13:07:59,976 - INFO - Epoch 22, train_loss: 0.001782, val_loss: 0.001266, val_mae: 0.029839
2025-03-21 13:08:03,150 - INFO - Epoch 23, train_loss: 0.002799, val_loss: 0.001277, val_mae: 0.029035
2025-03-21 13:08:06,313 - INFO - Epoch 24, train_loss: 0.001704, val_loss: 0.000928, val_mae: 0.025484
2025-03-21 13:08:09,452 - INFO - Epoch 25, train_loss: 0.001965, val_loss: 0.001505, val_mae: 0.031686
2025-03-21 13:08:12,631 - INFO - Epoch 26, train_loss: 0.002248, val_loss: 0.001496, val_mae: 0.031685
2025-03-21 13:08:15,811 - INFO - Epoch 27, train_loss: 0.001105, val_loss: 0.000826, val_mae: 0.022685
2025-03-21 13:08:18,983 - INFO - Epoch 28, train_loss: 0.001122, val_loss: 0.000725, val_mae: 0.021427
2025-03-21 13:08:22,160 - INFO - Epoch 29, train_loss: 0.001113, val_loss: 0.001005, val_mae: 0.027567
2025-03-21 13:08:25,377 - INFO - Epoch 30, train_loss: 0.001541, val_loss: 0.000769, val_mae: 0.023607
2025-03-21 13:08:28,598 - INFO - Epoch 31, train_loss: 0.001015, val_loss: 0.000828, val_mae: 0.025470
2025-03-21 13:08:31,835 - INFO - Epoch 32, train_loss: 0.001120, val_loss: 0.000780, val_mae: 0.022447
2025-03-21 13:08:35,069 - INFO - Epoch 33, train_loss: 0.000936, val_loss: 0.001188, val_mae: 0.026310
2025-03-21 13:08:38,303 - INFO - Epoch 34, train_loss: 0.000903, val_loss: 0.000723, val_mae: 0.023323
2025-03-21 13:08:41,508 - INFO - Epoch 35, train_loss: 0.000602, val_loss: 0.000750, val_mae: 0.023575
2025-03-21 13:08:44,704 - INFO - Epoch 36, train_loss: 0.000687, val_loss: 0.001084, val_mae: 0.024741
2025-03-21 13:08:47,930 - INFO - Epoch 37, train_loss: 0.000893, val_loss: 0.001272, val_mae: 0.027219
2025-03-21 13:08:51,159 - INFO - Epoch 38, train_loss: 0.000710, val_loss: 0.000738, val_mae: 0.022434
2025-03-21 13:08:54,378 - INFO - Epoch 39, train_loss: 0.000975, val_loss: 0.000758, val_mae: 0.021976
2025-03-21 13:08:57,651 - INFO - Epoch 40, train_loss: 0.000703, val_loss: 0.000975, val_mae: 0.028195
2025-03-21 13:09:00,860 - INFO - Epoch 41, train_loss: 0.000483, val_loss: 0.000628, val_mae: 0.020423
2025-03-21 13:09:04,128 - INFO - Epoch 42, train_loss: 0.000412, val_loss: 0.000505, val_mae: 0.018236
2025-03-21 13:09:07,340 - INFO - Epoch 43, train_loss: 0.000398, val_loss: 0.000591, val_mae: 0.020619
2025-03-21 13:09:10,518 - INFO - Epoch 44, train_loss: 0.000341, val_loss: 0.000650, val_mae: 0.021625
2025-03-21 13:09:13,762 - INFO - Epoch 45, train_loss: 0.000500, val_loss: 0.000719, val_mae: 0.018849
2025-03-21 13:09:16,956 - INFO - Epoch 46, train_loss: 0.000361, val_loss: 0.000705, val_mae: 0.018980
2025-03-21 13:09:20,165 - INFO - Epoch 47, train_loss: 0.000304, val_loss: 0.000691, val_mae: 0.018497
2025-03-21 13:09:23,405 - INFO - Epoch 48, train_loss: 0.000374, val_loss: 0.000486, val_mae: 0.018080
2025-03-21 13:09:26,584 - INFO - Epoch 49, train_loss: 0.000452, val_loss: 0.000862, val_mae: 0.022540
2025-03-21 13:09:29,767 - INFO - Epoch 50, train_loss: 0.000271, val_loss: 0.000487, val_mae: 0.017490
2025-03-21 13:09:32,928 - INFO - Epoch 51, train_loss: 0.000285, val_loss: 0.000509, val_mae: 0.016445
2025-03-21 13:09:36,224 - INFO - Epoch 52, train_loss: 0.000296, val_loss: 0.000485, val_mae: 0.017762
2025-03-21 13:09:39,422 - INFO - Epoch 53, train_loss: 0.000227, val_loss: 0.000575, val_mae: 0.017470
2025-03-21 13:09:42,621 - INFO - Epoch 54, train_loss: 0.000302, val_loss: 0.000553, val_mae: 0.017628
2025-03-21 13:09:45,771 - INFO - Epoch 55, train_loss: 0.000372, val_loss: 0.000491, val_mae: 0.016650
2025-03-21 13:09:48,965 - INFO - Epoch 56, train_loss: 0.000207, val_loss: 0.000434, val_mae: 0.016102
2025-03-21 13:09:52,246 - INFO - Epoch 57, train_loss: 0.000157, val_loss: 0.000478, val_mae: 0.016068
2025-03-21 13:09:55,589 - INFO - Epoch 58, train_loss: 0.000145, val_loss: 0.000531, val_mae: 0.016296
2025-03-21 13:09:58,800 - INFO - Epoch 59, train_loss: 0.000166, val_loss: 0.000499, val_mae: 0.016152
2025-03-21 13:10:02,044 - INFO - Epoch 60, train_loss: 0.000172, val_loss: 0.000380, val_mae: 0.014926
2025-03-21 13:10:05,387 - INFO - Epoch 61, train_loss: 0.000158, val_loss: 0.000395, val_mae: 0.014556
2025-03-21 13:10:08,717 - INFO - Epoch 62, train_loss: 0.000167, val_loss: 0.000417, val_mae: 0.014968
2025-03-21 13:10:11,926 - INFO - Epoch 63, train_loss: 0.000140, val_loss: 0.000486, val_mae: 0.015609
2025-03-21 13:10:15,169 - INFO - Epoch 64, train_loss: 0.000132, val_loss: 0.000380, val_mae: 0.015340
2025-03-21 13:10:18,422 - INFO - Epoch 65, train_loss: 0.000139, val_loss: 0.000387, val_mae: 0.014153
2025-03-21 13:10:21,799 - INFO - Epoch 66, train_loss: 0.000128, val_loss: 0.000371, val_mae: 0.014539
2025-03-21 13:10:24,994 - INFO - Epoch 67, train_loss: 0.000186, val_loss: 0.000397, val_mae: 0.014352
2025-03-21 13:10:28,174 - INFO - Epoch 68, train_loss: 0.000136, val_loss: 0.000593, val_mae: 0.017575
2025-03-21 13:10:31,363 - INFO - Epoch 69, train_loss: 0.000123, val_loss: 0.000366, val_mae: 0.014458
2025-03-21 13:10:34,547 - INFO - Epoch 70, train_loss: 0.000130, val_loss: 0.000485, val_mae: 0.015767
2025-03-21 13:10:37,738 - INFO - Epoch 71, train_loss: 0.000102, val_loss: 0.000402, val_mae: 0.014666
2025-03-21 13:10:40,917 - INFO - Epoch 72, train_loss: 0.000094, val_loss: 0.000343, val_mae: 0.014358
2025-03-21 13:10:44,112 - INFO - Epoch 73, train_loss: 0.000083, val_loss: 0.000348, val_mae: 0.014210
2025-03-21 13:10:47,280 - INFO - Epoch 74, train_loss: 0.000086, val_loss: 0.000354, val_mae: 0.014120
2025-03-21 13:10:50,579 - INFO - Epoch 75, train_loss: 0.000086, val_loss: 0.000434, val_mae: 0.014876
2025-03-21 13:10:53,757 - INFO - Epoch 76, train_loss: 0.000080, val_loss: 0.000348, val_mae: 0.014053
2025-03-21 13:10:57,048 - INFO - Epoch 77, train_loss: 0.000072, val_loss: 0.000424, val_mae: 0.014765
2025-03-21 13:11:00,229 - INFO - Epoch 78, train_loss: 0.000072, val_loss: 0.000333, val_mae: 0.013695
2025-03-21 13:11:03,537 - INFO - Epoch 79, train_loss: 0.000081, val_loss: 0.000364, val_mae: 0.014007
2025-03-21 13:11:06,707 - INFO - Epoch 80, train_loss: 0.000070, val_loss: 0.000384, val_mae: 0.014298
2025-03-21 13:11:09,902 - INFO - Epoch 81, train_loss: 0.000068, val_loss: 0.000340, val_mae: 0.013666
2025-03-21 13:11:13,203 - INFO - Epoch 82, train_loss: 0.000066, val_loss: 0.000348, val_mae: 0.013584
2025-03-21 13:11:16,506 - INFO - Epoch 83, train_loss: 0.000069, val_loss: 0.000342, val_mae: 0.013815
2025-03-21 13:11:19,694 - INFO - Epoch 84, train_loss: 0.000069, val_loss: 0.000427, val_mae: 0.014888
2025-03-21 13:11:22,884 - INFO - Epoch 85, train_loss: 0.000070, val_loss: 0.000327, val_mae: 0.013531
2025-03-21 13:11:26,182 - INFO - Epoch 86, train_loss: 0.000059, val_loss: 0.000348, val_mae: 0.013839
2025-03-21 13:11:29,393 - INFO - Epoch 87, train_loss: 0.000057, val_loss: 0.000338, val_mae: 0.013603
2025-03-21 13:11:32,553 - INFO - Epoch 88, train_loss: 0.000056, val_loss: 0.000338, val_mae: 0.013653
2025-03-21 13:11:35,724 - INFO - Epoch 89, train_loss: 0.000055, val_loss: 0.000335, val_mae: 0.013690
2025-03-21 13:11:38,886 - INFO - Epoch 90, train_loss: 0.000053, val_loss: 0.000337, val_mae: 0.013635
2025-03-21 13:11:42,068 - INFO - Epoch 91, train_loss: 0.000055, val_loss: 0.000337, val_mae: 0.013674
2025-03-21 13:11:45,291 - INFO - Epoch 92, train_loss: 0.000055, val_loss: 0.000337, val_mae: 0.013671
2025-03-21 13:11:48,604 - INFO - Epoch 93, train_loss: 0.000054, val_loss: 0.000341, val_mae: 0.013661
2025-03-21 13:11:51,885 - INFO - Epoch 94, train_loss: 0.000051, val_loss: 0.000346, val_mae: 0.013707
2025-03-21 13:11:55,191 - INFO - Epoch 95, train_loss: 0.000052, val_loss: 0.000334, val_mae: 0.013609
2025-03-21 13:11:58,489 - INFO - Epoch 96, train_loss: 0.000051, val_loss: 0.000340, val_mae: 0.013647
2025-03-21 13:12:01,712 - INFO - Epoch 97, train_loss: 0.000051, val_loss: 0.000335, val_mae: 0.013603
2025-03-21 13:12:05,018 - INFO - Epoch 98, train_loss: 0.000051, val_loss: 0.000337, val_mae: 0.013620
2025-03-21 13:12:08,314 - INFO - Epoch 99, train_loss: 0.000050, val_loss: 0.000337, val_mae: 0.013628
2025-03-21 13:12:11,584 - INFO - Epoch 100, train_loss: 0.000051, val_loss: 0.000338, val_mae: 0.013632
2025-03-21 13:12:12,247 - INFO - Test MAE: 0.013531 with best model at Epoch 85
